2025-12-19 14:22:55 +05:30: [MULTER] Error creating upload directory: Error: EACCES: permission denied, mkdir '/var/www/uploads/blog_photos'
    at Object.mkdirSync (node:fs:1361:26)
    at file:///Users/sonu/Desktop/%C2%A0%CC%91/backend/middlewares/uploadBlogPhoto.js:21:8
    at ModuleJob.run (node:internal/modules/esm/module_job:274:25)
    at async onImport.tracePromise.__proto__ (node:internal/modules/esm/loader:644:26) {
  errno: -13,
  code: 'EACCES',
  syscall: 'mkdir',
  path: '/var/www/uploads/blog_photos'
}
2025-12-19 14:22:56 +05:30: [MULTER] Error creating upload directory: Error: EACCES: permission denied, mkdir '/var/www/uploads/blog_photos'
    at Object.mkdirSync (node:fs:1361:26)
    at file:///Users/sonu/Desktop/%C2%A0%CC%91/backend/middlewares/uploadBlogPhoto.js:21:8
    at ModuleJob.run (node:internal/modules/esm/module_job:274:25)
    at async onImport.tracePromise.__proto__ (node:internal/modules/esm/loader:644:26) {
  errno: -13,
  code: 'EACCES',
  syscall: 'mkdir',
  path: '/var/www/uploads/blog_photos'
}
2025-12-19 14:22:56 +05:30: [MULTER] Error creating upload directory: Error: EACCES: permission denied, mkdir '/var/www/uploads/blog_photos'
    at Object.mkdirSync (node:fs:1361:26)
    at file:///Users/sonu/Desktop/%C2%A0%CC%91/backend/middlewares/uploadBlogPhoto.js:21:8
    at ModuleJob.run (node:internal/modules/esm/module_job:274:25)
    at async onImport.tracePromise.__proto__ (node:internal/modules/esm/loader:644:26) {
  errno: -13,
  code: 'EACCES',
  syscall: 'mkdir',
  path: '/var/www/uploads/blog_photos'
}
2025-12-19 14:22:56 +05:30: [MULTER] Error creating upload directory: Error: EACCES: permission denied, mkdir '/var/www/uploads/blog_photos'
    at Object.mkdirSync (node:fs:1361:26)
    at file:///Users/sonu/Desktop/%C2%A0%CC%91/backend/middlewares/uploadBlogPhoto.js:21:8
    at ModuleJob.run (node:internal/modules/esm/module_job:274:25)
    at async onImport.tracePromise.__proto__ (node:internal/modules/esm/loader:644:26) {
  errno: -13,
  code: 'EACCES',
  syscall: 'mkdir',
  path: '/var/www/uploads/blog_photos'
}
2025-12-19 14:22:56 +05:30: [MULTER] Error creating upload directory: Error: EACCES: permission denied, mkdir '/var/www/uploads/blog_photos'
    at Object.mkdirSync (node:fs:1361:26)
    at file:///Users/sonu/Desktop/%C2%A0%CC%91/backend/middlewares/uploadBlogPhoto.js:21:8
    at ModuleJob.run (node:internal/modules/esm/module_job:274:25)
    at async onImport.tracePromise.__proto__ (node:internal/modules/esm/loader:644:26) {
  errno: -13,
  code: 'EACCES',
  syscall: 'mkdir',
  path: '/var/www/uploads/blog_photos'
}
2025-12-19 14:22:56 +05:30: [MULTER] Error creating upload directory: Error: EACCES: permission denied, mkdir '/var/www/uploads/blog_photos'
    at Object.mkdirSync (node:fs:1361:26)
    at file:///Users/sonu/Desktop/%C2%A0%CC%91/backend/middlewares/uploadBlogPhoto.js:21:8
    at ModuleJob.run (node:internal/modules/esm/module_job:274:25)
    at async onImport.tracePromise.__proto__ (node:internal/modules/esm/loader:644:26) {
  errno: -13,
  code: 'EACCES',
  syscall: 'mkdir',
  path: '/var/www/uploads/blog_photos'
}
2025-12-19 14:22:56 +05:30: [MULTER] Error creating upload directory: Error: EACCES: permission denied, mkdir '/var/www/uploads/blog_photos'
    at Object.mkdirSync (node:fs:1361:26)
    at file:///Users/sonu/Desktop/%C2%A0%CC%91/backend/middlewares/uploadBlogPhoto.js:21:8
    at ModuleJob.run (node:internal/modules/esm/module_job:274:25)
    at async onImport.tracePromise.__proto__ (node:internal/modules/esm/loader:644:26) {
  errno: -13,
  code: 'EACCES',
  syscall: 'mkdir',
  path: '/var/www/uploads/blog_photos'
}
2025-12-19 14:22:56 +05:30: [MULTER] Error creating upload directory: Error: EACCES: permission denied, mkdir '/var/www/uploads/blog_photos'
    at Object.mkdirSync (node:fs:1361:26)
    at file:///Users/sonu/Desktop/%C2%A0%CC%91/backend/middlewares/uploadBlogPhoto.js:21:8
    at ModuleJob.run (node:internal/modules/esm/module_job:274:25)
    at async onImport.tracePromise.__proto__ (node:internal/modules/esm/loader:644:26) {
  errno: -13,
  code: 'EACCES',
  syscall: 'mkdir',
  path: '/var/www/uploads/blog_photos'
}
2025-12-19 17:47:25 +05:30: ⚠️ MongoDB disconnected. Attempting to reconnect...
2025-12-19 17:47:25 +05:30: ⚠️ MongoDB disconnected. Attempting to reconnect...
2025-12-19 17:47:25 +05:30: ⚠️ MongoDB disconnected. Attempting to reconnect...
2025-12-19 17:47:25 +05:30: ⚠️ MongoDB disconnected. Attempting to reconnect...
2025-12-19 17:47:26 +05:30: ⚠️ MongoDB disconnected. Attempting to reconnect...
2025-12-19 17:47:26 +05:30: ⚠️ MongoDB disconnected. Attempting to reconnect...
2025-12-19 17:47:26 +05:30: ⚠️ MongoDB disconnected. Attempting to reconnect...
2025-12-19 18:15:20 +05:30: ❌ Error fetching OAuth token: getaddrinfo ENOTFOUND api.phonepe.com
2025-12-19 18:15:20 +05:30: ❌ Error fetching OAuth token: getaddrinfo ENOTFOUND api.phonepe.com
2025-12-19 18:15:20 +05:30: ❌ Error fetching OAuth token: getaddrinfo ENOTFOUND api.phonepe.com
2025-12-19 18:15:20 +05:30: ❌ Error fetching OAuth token: getaddrinfo ENOTFOUND api.phonepe.com
2025-12-19 18:15:20 +05:30: ❌ Error fetching OAuth token: getaddrinfo ENOTFOUND api.phonepe.com
2025-12-19 18:15:20 +05:30: ❌ Error fetching OAuth token: getaddrinfo ENOTFOUND api.phonepe.com
2025-12-19 18:15:20 +05:30: ❌ Error fetching OAuth token: getaddrinfo ENOTFOUND api.phonepe.com
2025-12-19 18:15:20 +05:30: ❌ Error fetching OAuth token: getaddrinfo ENOTFOUND api.phonepe.com
2025-12-19 18:16:29 +05:30: ⚠️ MongoDB disconnected. Attempting to reconnect...
2025-12-19 18:16:29 +05:30: ⚠️ MongoDB disconnected. Attempting to reconnect...
2025-12-19 18:16:29 +05:30: ⚠️ MongoDB disconnected. Attempting to reconnect...
2025-12-19 18:48:31 +05:30: ⚠️ MongoDB disconnected. Attempting to reconnect...
2025-12-19 18:48:31 +05:30: ⚠️ MongoDB disconnected. Attempting to reconnect...
2025-12-19 18:48:31 +05:30: ⚠️ MongoDB disconnected. Attempting to reconnect...
2025-12-19 18:48:31 +05:30: ⚠️ MongoDB disconnected. Attempting to reconnect...
2025-12-19 18:48:31 +05:30: ⚠️ MongoDB disconnected. Attempting to reconnect...
2025-12-19 18:48:31 +05:30: ⚠️ MongoDB disconnected. Attempting to reconnect...
2025-12-19 18:48:31 +05:30: ⚠️ MongoDB disconnected. Attempting to reconnect...
2025-12-19 18:48:31 +05:30: ⚠️ MongoDB disconnected. Attempting to reconnect...
2025-12-19 18:51:20 +05:30: ⚠️ MongoDB disconnected. Attempting to reconnect...
2025-12-19 18:51:21 +05:30: ⚠️ MongoDB disconnected. Attempting to reconnect...
2025-12-19 18:51:21 +05:30: ⚠️ MongoDB disconnected. Attempting to reconnect...
2025-12-19 18:51:21 +05:30: ⚠️ MongoDB disconnected. Attempting to reconnect...
2025-12-19 18:51:21 +05:30: ⚠️ MongoDB disconnected. Attempting to reconnect...
2025-12-19 18:51:22 +05:30: ⚠️ MongoDB disconnected. Attempting to reconnect...
2025-12-19 19:09:53 +05:30: ⚠️ MongoDB disconnected. Attempting to reconnect...
2025-12-19 19:09:53 +05:30: ⚠️ MongoDB disconnected. Attempting to reconnect...
2025-12-19 19:09:53 +05:30: ⚠️ MongoDB disconnected. Attempting to reconnect...
2025-12-19 19:09:53 +05:30: ⚠️ MongoDB disconnected. Attempting to reconnect...
2025-12-19 19:09:53 +05:30: ⚠️ MongoDB disconnected. Attempting to reconnect...
2025-12-19 19:09:53 +05:30: ⚠️ MongoDB disconnected. Attempting to reconnect...
2025-12-19 19:09:53 +05:30: ⚠️ MongoDB disconnected. Attempting to reconnect...
2025-12-19 19:09:53 +05:30: ⚠️ MongoDB disconnected. Attempting to reconnect...
2025-12-19 19:32:28 +05:30: ❌ Error fetching OAuth token: getaddrinfo ENOTFOUND api.phonepe.com
2025-12-19 19:32:28 +05:30: ❌ Error fetching OAuth token: getaddrinfo ENOTFOUND api.phonepe.com
2025-12-19 19:32:28 +05:30: ❌ Error fetching OAuth token: getaddrinfo ENOTFOUND api.phonepe.com
2025-12-19 19:32:28 +05:30: ❌ Error fetching OAuth token: getaddrinfo ENOTFOUND api.phonepe.com
2025-12-19 19:32:28 +05:30: ❌ Error fetching OAuth token: getaddrinfo ENOTFOUND api.phonepe.com
2025-12-19 19:32:28 +05:30: ❌ Error fetching OAuth token: getaddrinfo ENOTFOUND api.phonepe.com
2025-12-19 19:32:28 +05:30: ❌ Error fetching OAuth token: getaddrinfo ENOTFOUND api.phonepe.com
2025-12-19 19:32:28 +05:30: ❌ Error fetching OAuth token: getaddrinfo ENOTFOUND api.phonepe.com
2025-12-19 19:39:49 +05:30: ❌ Error fetching OAuth token: getaddrinfo ENOTFOUND api.phonepe.com
2025-12-19 19:39:49 +05:30: ❌ Error fetching OAuth token: getaddrinfo ENOTFOUND api.phonepe.com
2025-12-19 19:39:49 +05:30: ❌ Error fetching OAuth token: getaddrinfo ENOTFOUND api.phonepe.com
2025-12-19 19:39:49 +05:30: ❌ Error fetching OAuth token: getaddrinfo ENOTFOUND api.phonepe.com
2025-12-19 19:39:49 +05:30: ❌ Error fetching OAuth token: getaddrinfo ENOTFOUND api.phonepe.com
2025-12-19 19:39:49 +05:30: ❌ Error fetching OAuth token: getaddrinfo ENOTFOUND api.phonepe.com
2025-12-19 19:39:49 +05:30: ❌ Error fetching OAuth token: getaddrinfo ENOTFOUND api.phonepe.com
2025-12-19 19:39:49 +05:30: ❌ Error fetching OAuth token: getaddrinfo ENOTFOUND api.phonepe.com
2025-12-19 19:39:59 +05:30: ⚠️ MongoDB disconnected. Attempting to reconnect...
2025-12-19 19:39:59 +05:30: ⚠️ MongoDB disconnected. Attempting to reconnect...
2025-12-19 19:39:59 +05:30: ⚠️ MongoDB disconnected. Attempting to reconnect...
2025-12-19 19:39:59 +05:30: ⚠️ MongoDB disconnected. Attempting to reconnect...
2025-12-19 20:15:32 +05:30: ⚠️ MongoDB disconnected. Attempting to reconnect...
2025-12-19 20:15:32 +05:30: ⚠️ MongoDB disconnected. Attempting to reconnect...
2025-12-19 20:15:32 +05:30: ⚠️ MongoDB disconnected. Attempting to reconnect...
2025-12-19 20:15:32 +05:30: ⚠️ MongoDB disconnected. Attempting to reconnect...
2025-12-19 20:15:32 +05:30: ⚠️ MongoDB disconnected. Attempting to reconnect...
2025-12-19 20:15:32 +05:30: ⚠️ MongoDB disconnected. Attempting to reconnect...
2025-12-19 20:15:32 +05:30: ⚠️ MongoDB disconnected. Attempting to reconnect...
2025-12-19 20:15:33 +05:30: ⚠️ MongoDB disconnected. Attempting to reconnect...
2025-12-19 20:50:19 +05:30: ⚠️ MongoDB disconnected. Attempting to reconnect...
2025-12-19 20:50:19 +05:30: ⚠️ MongoDB disconnected. Attempting to reconnect...
2025-12-19 20:50:19 +05:30: ⚠️ MongoDB disconnected. Attempting to reconnect...
2025-12-19 20:50:20 +05:30: ⚠️ MongoDB disconnected. Attempting to reconnect...
2025-12-19 20:50:20 +05:30: ⚠️ MongoDB disconnected. Attempting to reconnect...
2025-12-19 20:50:20 +05:30: ⚠️ MongoDB disconnected. Attempting to reconnect...
2025-12-19 20:50:20 +05:30: ⚠️ MongoDB disconnected. Attempting to reconnect...
2025-12-19 20:50:20 +05:30: ⚠️ MongoDB disconnected. Attempting to reconnect...
2025-12-19 21:23:15 +05:30: ⚠️ MongoDB disconnected. Attempting to reconnect...
2025-12-19 21:23:15 +05:30: ⚠️ MongoDB disconnected. Attempting to reconnect...
2025-12-19 21:23:15 +05:30: ⚠️ MongoDB disconnected. Attempting to reconnect...
2025-12-19 21:23:15 +05:30: ⚠️ MongoDB disconnected. Attempting to reconnect...
2025-12-19 21:23:15 +05:30: ⚠️ MongoDB disconnected. Attempting to reconnect...
2025-12-19 21:23:15 +05:30: ⚠️ MongoDB disconnected. Attempting to reconnect...
2025-12-19 21:34:07 +05:30: ⚠️ MongoDB disconnected. Attempting to reconnect...
2025-12-19 21:34:07 +05:30: ⚠️ MongoDB disconnected. Attempting to reconnect...
2025-12-19 21:34:07 +05:30: ⚠️ MongoDB disconnected. Attempting to reconnect...
2025-12-19 21:34:07 +05:30: ⚠️ MongoDB disconnected. Attempting to reconnect...
2025-12-19 21:34:07 +05:30: ⚠️ MongoDB disconnected. Attempting to reconnect...
2025-12-19 21:34:07 +05:30: ⚠️ MongoDB disconnected. Attempting to reconnect...
2025-12-19 21:34:07 +05:30: ⚠️ MongoDB disconnected. Attempting to reconnect...
2025-12-19 21:34:07 +05:30: ⚠️ MongoDB disconnected. Attempting to reconnect...
2025-12-19 21:50:01 +05:30: ❌ Error fetching OAuth token: read ETIMEDOUT
2025-12-19 21:50:01 +05:30: ❌ Error fetching OAuth token: read ETIMEDOUT
2025-12-19 22:07:42 +05:30: ⚠️ MongoDB disconnected. Attempting to reconnect...
2025-12-19 22:07:42 +05:30: ⚠️ MongoDB disconnected. Attempting to reconnect...
2025-12-19 22:07:42 +05:30: ⚠️ MongoDB disconnected. Attempting to reconnect...
2025-12-19 22:07:42 +05:30: ⚠️ MongoDB disconnected. Attempting to reconnect...
2025-12-19 22:07:42 +05:30: ⚠️ MongoDB disconnected. Attempting to reconnect...
2025-12-19 22:07:42 +05:30: ⚠️ MongoDB disconnected. Attempting to reconnect...
2025-12-19 22:07:42 +05:30: ⚠️ MongoDB disconnected. Attempting to reconnect...
2025-12-19 22:07:42 +05:30: ⚠️ MongoDB disconnected. Attempting to reconnect...
2025-12-19 22:20:13 +05:30: ❌ Error fetching OAuth token: getaddrinfo ENOTFOUND api.phonepe.com
2025-12-19 22:20:13 +05:30: ❌ Error fetching OAuth token: getaddrinfo ENOTFOUND api.phonepe.com
2025-12-19 22:20:13 +05:30: ❌ Error fetching OAuth token: getaddrinfo ENOTFOUND api.phonepe.com
2025-12-19 22:20:13 +05:30: ❌ Error fetching OAuth token: getaddrinfo ENOTFOUND api.phonepe.com
2025-12-19 22:20:13 +05:30: ❌ Error fetching OAuth token: getaddrinfo ENOTFOUND api.phonepe.com
2025-12-19 22:20:13 +05:30: ❌ Error fetching OAuth token: getaddrinfo ENOTFOUND api.phonepe.com
2025-12-19 22:20:13 +05:30: ❌ Error fetching OAuth token: getaddrinfo ENOTFOUND api.phonepe.com
2025-12-19 22:20:13 +05:30: ❌ Error fetching OAuth token: getaddrinfo ENOTFOUND api.phonepe.com
2025-12-19 22:34:57 +05:30: ❌ Error fetching OAuth token: getaddrinfo ENOTFOUND api.phonepe.com
2025-12-19 22:34:57 +05:30: ❌ Error fetching OAuth token: getaddrinfo ENOTFOUND api.phonepe.com
2025-12-19 22:34:57 +05:30: ❌ Error fetching OAuth token: getaddrinfo ENOTFOUND api.phonepe.com
2025-12-19 22:34:57 +05:30: ❌ Error fetching OAuth token: getaddrinfo ENOTFOUND api.phonepe.com
2025-12-19 22:34:57 +05:30: ❌ Error fetching OAuth token: getaddrinfo ENOTFOUND api.phonepe.com
2025-12-19 22:34:57 +05:30: ❌ Error fetching OAuth token: getaddrinfo ENOTFOUND api.phonepe.com
2025-12-19 22:34:57 +05:30: ❌ Error fetching OAuth token: getaddrinfo ENOTFOUND api.phonepe.com
2025-12-19 22:34:57 +05:30: ❌ Error fetching OAuth token: getaddrinfo ENOTFOUND api.phonepe.com
2025-12-19 22:52:19 +05:30: ❌ Error fetching OAuth token: getaddrinfo ENOTFOUND api.phonepe.com
2025-12-19 22:52:19 +05:30: ❌ Error fetching OAuth token: getaddrinfo ENOTFOUND api.phonepe.com
2025-12-19 22:52:19 +05:30: ❌ Error fetching OAuth token: getaddrinfo ENOTFOUND api.phonepe.com
2025-12-19 22:52:19 +05:30: ❌ Error fetching OAuth token: getaddrinfo ENOTFOUND api.phonepe.com
2025-12-19 22:52:19 +05:30: ❌ Error fetching OAuth token: getaddrinfo ENOTFOUND api.phonepe.com
2025-12-19 22:52:19 +05:30: ❌ Error fetching OAuth token: getaddrinfo ENOTFOUND api.phonepe.com
2025-12-19 22:52:19 +05:30: ❌ Error fetching OAuth token: getaddrinfo ENOTFOUND api.phonepe.com
2025-12-19 22:52:19 +05:30: ❌ Error fetching OAuth token: getaddrinfo ENOTFOUND api.phonepe.com
2025-12-19 23:09:34 +05:30: ❌ Error fetching OAuth token: getaddrinfo ENOTFOUND api.phonepe.com
2025-12-19 23:09:34 +05:30: ❌ Error fetching OAuth token: getaddrinfo ENOTFOUND api.phonepe.com
2025-12-19 23:09:34 +05:30: ❌ Error fetching OAuth token: getaddrinfo ENOTFOUND api.phonepe.com
2025-12-19 23:09:34 +05:30: ❌ Error fetching OAuth token: getaddrinfo ENOTFOUND api.phonepe.com
2025-12-19 23:09:34 +05:30: ❌ Error fetching OAuth token: getaddrinfo ENOTFOUND api.phonepe.com
2025-12-19 23:09:34 +05:30: ❌ Error fetching OAuth token: getaddrinfo ENOTFOUND api.phonepe.com
2025-12-19 23:09:34 +05:30: ❌ Error fetching OAuth token: getaddrinfo ENOTFOUND api.phonepe.com
2025-12-19 23:09:34 +05:30: ❌ Error fetching OAuth token: getaddrinfo ENOTFOUND api.phonepe.com
2025-12-19 23:25:45 +05:30: ❌ Error fetching OAuth token: getaddrinfo ENOTFOUND api.phonepe.com
2025-12-19 23:25:45 +05:30: ❌ Error fetching OAuth token: getaddrinfo ENOTFOUND api.phonepe.com
2025-12-19 23:25:45 +05:30: ❌ Error fetching OAuth token: getaddrinfo ENOTFOUND api.phonepe.com
2025-12-19 23:25:45 +05:30: ❌ Error fetching OAuth token: getaddrinfo ENOTFOUND api.phonepe.com
2025-12-19 23:25:45 +05:30: ❌ Error fetching OAuth token: getaddrinfo ENOTFOUND api.phonepe.com
2025-12-19 23:25:45 +05:30: ❌ Error fetching OAuth token: getaddrinfo ENOTFOUND api.phonepe.com
2025-12-19 23:25:45 +05:30: ❌ Error fetching OAuth token: getaddrinfo ENOTFOUND api.phonepe.com
2025-12-19 23:25:45 +05:30: ❌ Error fetching OAuth token: getaddrinfo ENOTFOUND api.phonepe.com
2025-12-19 23:35:57 +05:30: ❌ Error fetching OAuth token: getaddrinfo ENOTFOUND api.phonepe.com
2025-12-19 23:35:57 +05:30: ❌ Error fetching OAuth token: getaddrinfo ENOTFOUND api.phonepe.com
2025-12-19 23:35:57 +05:30: ❌ Error fetching OAuth token: getaddrinfo ENOTFOUND api.phonepe.com
2025-12-19 23:35:57 +05:30: ❌ Error fetching OAuth token: getaddrinfo ENOTFOUND api.phonepe.com
2025-12-19 23:35:57 +05:30: ❌ Error fetching OAuth token: getaddrinfo ENOTFOUND api.phonepe.com
2025-12-19 23:35:57 +05:30: ❌ Error fetching OAuth token: getaddrinfo ENOTFOUND api.phonepe.com
2025-12-19 23:35:57 +05:30: ❌ Error fetching OAuth token: getaddrinfo ENOTFOUND api.phonepe.com
2025-12-19 23:35:57 +05:30: ❌ Error fetching OAuth token: getaddrinfo ENOTFOUND api.phonepe.com
2025-12-19 23:53:36 +05:30: ❌ Error fetching OAuth token: getaddrinfo ENOTFOUND api.phonepe.com
2025-12-19 23:53:36 +05:30: ❌ Error fetching OAuth token: getaddrinfo ENOTFOUND api.phonepe.com
2025-12-19 23:53:36 +05:30: ❌ Error fetching OAuth token: getaddrinfo ENOTFOUND api.phonepe.com
2025-12-19 23:53:36 +05:30: ❌ Error fetching OAuth token: getaddrinfo ENOTFOUND api.phonepe.com
2025-12-19 23:53:36 +05:30: ❌ Error fetching OAuth token: getaddrinfo ENOTFOUND api.phonepe.com
2025-12-19 23:53:36 +05:30: ❌ Error fetching OAuth token: getaddrinfo ENOTFOUND api.phonepe.com
2025-12-19 23:53:36 +05:30: ❌ Error fetching OAuth token: getaddrinfo ENOTFOUND api.phonepe.com
2025-12-19 23:53:36 +05:30: ❌ Error fetching OAuth token: getaddrinfo ENOTFOUND api.phonepe.com
2025-12-20 00:10:19 +05:30: ❌ Error fetching OAuth token: getaddrinfo ENOTFOUND api.phonepe.com
2025-12-20 00:10:19 +05:30: ❌ Error fetching OAuth token: getaddrinfo ENOTFOUND api.phonepe.com
2025-12-20 00:10:19 +05:30: ❌ Error fetching OAuth token: getaddrinfo ENOTFOUND api.phonepe.com
2025-12-20 00:10:19 +05:30: ❌ Error fetching OAuth token: getaddrinfo ENOTFOUND api.phonepe.com
2025-12-20 00:10:19 +05:30: ❌ Error fetching OAuth token: getaddrinfo ENOTFOUND api.phonepe.com
2025-12-20 00:10:19 +05:30: ❌ Error fetching OAuth token: getaddrinfo ENOTFOUND api.phonepe.com
2025-12-20 00:10:19 +05:30: ❌ Error fetching OAuth token: getaddrinfo ENOTFOUND api.phonepe.com
2025-12-20 00:10:19 +05:30: ❌ Error fetching OAuth token: getaddrinfo ENOTFOUND api.phonepe.com
2025-12-20 00:27:50 +05:30: ❌ Error fetching OAuth token: getaddrinfo ENOTFOUND api.phonepe.com
2025-12-20 00:27:50 +05:30: ❌ Error fetching OAuth token: getaddrinfo ENOTFOUND api.phonepe.com
2025-12-20 00:27:50 +05:30: ❌ Error fetching OAuth token: getaddrinfo ENOTFOUND api.phonepe.com
2025-12-20 00:27:50 +05:30: ❌ Error fetching OAuth token: getaddrinfo ENOTFOUND api.phonepe.com
2025-12-20 00:27:50 +05:30: ❌ Error fetching OAuth token: getaddrinfo ENOTFOUND api.phonepe.com
2025-12-20 00:27:50 +05:30: ❌ Error fetching OAuth token: getaddrinfo ENOTFOUND api.phonepe.com
2025-12-20 00:27:50 +05:30: ❌ Error fetching OAuth token: getaddrinfo ENOTFOUND api.phonepe.com
2025-12-20 00:27:50 +05:30: ❌ Error fetching OAuth token: getaddrinfo ENOTFOUND api.phonepe.com
2025-12-20 00:45:34 +05:30: ❌ Error fetching OAuth token: getaddrinfo ENOTFOUND api.phonepe.com
2025-12-20 00:45:35 +05:30: ❌ Error fetching OAuth token: getaddrinfo ENOTFOUND api.phonepe.com
2025-12-20 00:45:35 +05:30: ❌ Error fetching OAuth token: getaddrinfo ENOTFOUND api.phonepe.com
2025-12-20 00:45:35 +05:30: ❌ Error fetching OAuth token: getaddrinfo ENOTFOUND api.phonepe.com
2025-12-20 00:45:35 +05:30: ❌ Error fetching OAuth token: getaddrinfo ENOTFOUND api.phonepe.com
2025-12-20 00:45:35 +05:30: ❌ Error fetching OAuth token: getaddrinfo ENOTFOUND api.phonepe.com
2025-12-20 00:45:35 +05:30: ❌ Error fetching OAuth token: getaddrinfo ENOTFOUND api.phonepe.com
2025-12-20 00:45:35 +05:30: ❌ Error fetching OAuth token: getaddrinfo ENOTFOUND api.phonepe.com
2025-12-20 01:02:21 +05:30: ❌ Error fetching OAuth token: getaddrinfo ENOTFOUND api.phonepe.com
2025-12-20 01:02:22 +05:30: ❌ Error fetching OAuth token: getaddrinfo ENOTFOUND api.phonepe.com
2025-12-20 01:02:22 +05:30: ❌ Error fetching OAuth token: getaddrinfo ENOTFOUND api.phonepe.com
2025-12-20 01:02:22 +05:30: ❌ Error fetching OAuth token: getaddrinfo ENOTFOUND api.phonepe.com
2025-12-20 01:02:22 +05:30: ❌ Error fetching OAuth token: getaddrinfo ENOTFOUND api.phonepe.com
2025-12-20 01:02:22 +05:30: ❌ Error fetching OAuth token: getaddrinfo ENOTFOUND api.phonepe.com
2025-12-20 01:02:22 +05:30: ❌ Error fetching OAuth token: getaddrinfo ENOTFOUND api.phonepe.com
2025-12-20 01:02:22 +05:30: ❌ Error fetching OAuth token: getaddrinfo ENOTFOUND api.phonepe.com
2025-12-20 01:18:11 +05:30: ❌ Error fetching OAuth token: getaddrinfo ENOTFOUND api.phonepe.com
2025-12-20 01:18:11 +05:30: ❌ Error fetching OAuth token: getaddrinfo ENOTFOUND api.phonepe.com
2025-12-20 01:18:11 +05:30: ❌ Error fetching OAuth token: getaddrinfo ENOTFOUND api.phonepe.com
2025-12-20 01:18:11 +05:30: ❌ Error fetching OAuth token: getaddrinfo ENOTFOUND api.phonepe.com
2025-12-20 01:18:11 +05:30: ❌ Error fetching OAuth token: getaddrinfo ENOTFOUND api.phonepe.com
2025-12-20 01:18:11 +05:30: ❌ Error fetching OAuth token: getaddrinfo ENOTFOUND api.phonepe.com
2025-12-20 01:18:11 +05:30: ❌ Error fetching OAuth token: getaddrinfo ENOTFOUND api.phonepe.com
2025-12-20 01:18:12 +05:30: ❌ Error fetching OAuth token: getaddrinfo ENOTFOUND api.phonepe.com
2025-12-20 01:33:32 +05:30: ❌ Error fetching OAuth token: getaddrinfo ENOTFOUND api.phonepe.com
2025-12-20 01:33:33 +05:30: ❌ Error fetching OAuth token: getaddrinfo ENOTFOUND api.phonepe.com
2025-12-20 01:33:33 +05:30: ❌ Error fetching OAuth token: getaddrinfo ENOTFOUND api.phonepe.com
2025-12-20 01:33:33 +05:30: ❌ Error fetching OAuth token: getaddrinfo ENOTFOUND api.phonepe.com
2025-12-20 01:33:33 +05:30: ❌ Error fetching OAuth token: getaddrinfo ENOTFOUND api.phonepe.com
2025-12-20 01:33:33 +05:30: ❌ Error fetching OAuth token: getaddrinfo ENOTFOUND api.phonepe.com
2025-12-20 01:33:33 +05:30: ❌ Error fetching OAuth token: getaddrinfo ENOTFOUND api.phonepe.com
2025-12-20 01:33:33 +05:30: ❌ Error fetching OAuth token: getaddrinfo ENOTFOUND api.phonepe.com
2025-12-20 01:49:19 +05:30: ❌ Error fetching OAuth token: getaddrinfo ENOTFOUND api.phonepe.com
2025-12-20 01:49:19 +05:30: ❌ Error fetching OAuth token: getaddrinfo ENOTFOUND api.phonepe.com
2025-12-20 01:49:19 +05:30: ❌ Error fetching OAuth token: getaddrinfo ENOTFOUND api.phonepe.com
2025-12-20 01:49:19 +05:30: ❌ Error fetching OAuth token: getaddrinfo ENOTFOUND api.phonepe.com
2025-12-20 01:49:19 +05:30: ❌ Error fetching OAuth token: getaddrinfo ENOTFOUND api.phonepe.com
2025-12-20 01:49:19 +05:30: ❌ Error fetching OAuth token: getaddrinfo ENOTFOUND api.phonepe.com
2025-12-20 01:49:19 +05:30: ❌ Error fetching OAuth token: getaddrinfo ENOTFOUND api.phonepe.com
2025-12-20 01:49:20 +05:30: ❌ Error fetching OAuth token: getaddrinfo ENOTFOUND api.phonepe.com
2025-12-20 02:06:50 +05:30: ❌ Error fetching OAuth token: getaddrinfo ENOTFOUND api.phonepe.com
2025-12-20 02:06:50 +05:30: ❌ Error fetching OAuth token: getaddrinfo ENOTFOUND api.phonepe.com
2025-12-20 02:06:50 +05:30: ❌ Error fetching OAuth token: getaddrinfo ENOTFOUND api.phonepe.com
2025-12-20 02:06:50 +05:30: ❌ Error fetching OAuth token: getaddrinfo ENOTFOUND api.phonepe.com
2025-12-20 02:06:50 +05:30: ❌ Error fetching OAuth token: getaddrinfo ENOTFOUND api.phonepe.com
2025-12-20 02:06:50 +05:30: ❌ Error fetching OAuth token: getaddrinfo ENOTFOUND api.phonepe.com
2025-12-20 02:06:50 +05:30: ❌ Error fetching OAuth token: getaddrinfo ENOTFOUND api.phonepe.com
2025-12-20 02:06:50 +05:30: ❌ Error fetching OAuth token: getaddrinfo ENOTFOUND api.phonepe.com
2025-12-20 02:24:33 +05:30: ❌ Error fetching OAuth token: getaddrinfo ENOTFOUND api.phonepe.com
2025-12-20 02:24:33 +05:30: ❌ Error fetching OAuth token: getaddrinfo ENOTFOUND api.phonepe.com
2025-12-20 02:24:33 +05:30: ❌ Error fetching OAuth token: getaddrinfo ENOTFOUND api.phonepe.com
2025-12-20 02:24:33 +05:30: ❌ Error fetching OAuth token: getaddrinfo ENOTFOUND api.phonepe.com
2025-12-20 02:24:33 +05:30: ❌ Error fetching OAuth token: getaddrinfo ENOTFOUND api.phonepe.com
2025-12-20 02:24:33 +05:30: ❌ Error fetching OAuth token: getaddrinfo ENOTFOUND api.phonepe.com
2025-12-20 02:24:33 +05:30: ❌ Error fetching OAuth token: getaddrinfo ENOTFOUND api.phonepe.com
2025-12-20 02:24:33 +05:30: ❌ Error fetching OAuth token: getaddrinfo ENOTFOUND api.phonepe.com
2025-12-20 02:40:01 +05:30: ❌ Error fetching OAuth token: getaddrinfo ENOTFOUND api.phonepe.com
2025-12-20 02:40:01 +05:30: ❌ Error fetching OAuth token: getaddrinfo ENOTFOUND api.phonepe.com
2025-12-20 02:40:01 +05:30: ❌ Error fetching OAuth token: getaddrinfo ENOTFOUND api.phonepe.com
2025-12-20 02:40:01 +05:30: ❌ Error fetching OAuth token: getaddrinfo ENOTFOUND api.phonepe.com
2025-12-20 02:40:01 +05:30: ❌ Error fetching OAuth token: getaddrinfo ENOTFOUND api.phonepe.com
2025-12-20 02:40:01 +05:30: ❌ Error fetching OAuth token: getaddrinfo ENOTFOUND api.phonepe.com
2025-12-20 02:40:01 +05:30: ❌ Error fetching OAuth token: getaddrinfo ENOTFOUND api.phonepe.com
2025-12-20 02:40:01 +05:30: ❌ Error fetching OAuth token: getaddrinfo ENOTFOUND api.phonepe.com
2025-12-20 02:57:39 +05:30: ❌ Error fetching OAuth token: getaddrinfo ENOTFOUND api.phonepe.com
2025-12-20 02:57:39 +05:30: ❌ Error fetching OAuth token: getaddrinfo ENOTFOUND api.phonepe.com
2025-12-20 02:57:39 +05:30: ❌ Error fetching OAuth token: getaddrinfo ENOTFOUND api.phonepe.com
2025-12-20 02:57:39 +05:30: ❌ Error fetching OAuth token: getaddrinfo ENOTFOUND api.phonepe.com
2025-12-20 02:57:39 +05:30: ❌ Error fetching OAuth token: getaddrinfo ENOTFOUND api.phonepe.com
2025-12-20 02:57:39 +05:30: ❌ Error fetching OAuth token: getaddrinfo ENOTFOUND api.phonepe.com
2025-12-20 02:57:39 +05:30: ❌ Error fetching OAuth token: getaddrinfo ENOTFOUND api.phonepe.com
2025-12-20 02:57:39 +05:30: ❌ Error fetching OAuth token: getaddrinfo ENOTFOUND api.phonepe.com
2025-12-20 03:15:02 +05:30: ❌ Error fetching OAuth token: getaddrinfo ENOTFOUND api.phonepe.com
2025-12-20 03:15:02 +05:30: ❌ Error fetching OAuth token: getaddrinfo ENOTFOUND api.phonepe.com
2025-12-20 03:15:02 +05:30: ❌ Error fetching OAuth token: getaddrinfo ENOTFOUND api.phonepe.com
2025-12-20 03:15:02 +05:30: ❌ Error fetching OAuth token: getaddrinfo ENOTFOUND api.phonepe.com
2025-12-20 03:15:02 +05:30: ❌ Error fetching OAuth token: getaddrinfo ENOTFOUND api.phonepe.com
2025-12-20 03:15:02 +05:30: ❌ Error fetching OAuth token: getaddrinfo ENOTFOUND api.phonepe.com
2025-12-20 03:15:02 +05:30: ❌ Error fetching OAuth token: getaddrinfo ENOTFOUND api.phonepe.com
2025-12-20 03:15:02 +05:30: ❌ Error fetching OAuth token: getaddrinfo ENOTFOUND api.phonepe.com
2025-12-20 03:22:43 +05:30: ❌ Error fetching OAuth token: getaddrinfo ENOTFOUND api.phonepe.com
2025-12-20 03:22:43 +05:30: ❌ Error fetching OAuth token: getaddrinfo ENOTFOUND api.phonepe.com
2025-12-20 03:22:43 +05:30: ❌ Error fetching OAuth token: getaddrinfo ENOTFOUND api.phonepe.com
2025-12-20 03:22:43 +05:30: ❌ Error fetching OAuth token: getaddrinfo ENOTFOUND api.phonepe.com
2025-12-20 03:22:43 +05:30: ❌ Error fetching OAuth token: getaddrinfo ENOTFOUND api.phonepe.com
2025-12-20 03:22:43 +05:30: ❌ Error fetching OAuth token: getaddrinfo ENOTFOUND api.phonepe.com
2025-12-20 03:22:43 +05:30: ❌ Error fetching OAuth token: getaddrinfo ENOTFOUND api.phonepe.com
2025-12-20 03:22:43 +05:30: ❌ Error fetching OAuth token: getaddrinfo ENOTFOUND api.phonepe.com
2025-12-20 03:40:40 +05:30: ❌ Error fetching OAuth token: getaddrinfo ENOTFOUND api.phonepe.com
2025-12-20 03:40:40 +05:30: ❌ Error fetching OAuth token: getaddrinfo ENOTFOUND api.phonepe.com
2025-12-20 03:40:40 +05:30: ❌ Error fetching OAuth token: getaddrinfo ENOTFOUND api.phonepe.com
2025-12-20 03:40:40 +05:30: ❌ Error fetching OAuth token: getaddrinfo ENOTFOUND api.phonepe.com
2025-12-20 03:40:40 +05:30: ❌ Error fetching OAuth token: getaddrinfo ENOTFOUND api.phonepe.com
2025-12-20 03:40:40 +05:30: ❌ Error fetching OAuth token: getaddrinfo ENOTFOUND api.phonepe.com
2025-12-20 03:40:40 +05:30: ❌ Error fetching OAuth token: getaddrinfo ENOTFOUND api.phonepe.com
2025-12-20 03:40:40 +05:30: ❌ Error fetching OAuth token: getaddrinfo ENOTFOUND api.phonepe.com
2025-12-20 03:57:50 +05:30: ❌ Error fetching OAuth token: getaddrinfo ENOTFOUND api.phonepe.com
2025-12-20 03:57:50 +05:30: ❌ Error fetching OAuth token: getaddrinfo ENOTFOUND api.phonepe.com
2025-12-20 03:57:50 +05:30: ❌ Error fetching OAuth token: getaddrinfo ENOTFOUND api.phonepe.com
2025-12-20 03:57:50 +05:30: ❌ Error fetching OAuth token: getaddrinfo ENOTFOUND api.phonepe.com
2025-12-20 03:57:50 +05:30: ❌ Error fetching OAuth token: getaddrinfo ENOTFOUND api.phonepe.com
2025-12-20 03:57:50 +05:30: ❌ Error fetching OAuth token: getaddrinfo ENOTFOUND api.phonepe.com
2025-12-20 03:57:50 +05:30: ❌ Error fetching OAuth token: getaddrinfo ENOTFOUND api.phonepe.com
2025-12-20 03:57:50 +05:30: ❌ Error fetching OAuth token: getaddrinfo ENOTFOUND api.phonepe.com
2025-12-20 04:15:00 +05:30: ❌ Error fetching OAuth token: getaddrinfo ENOTFOUND api.phonepe.com
2025-12-20 04:15:00 +05:30: ❌ Error fetching OAuth token: getaddrinfo ENOTFOUND api.phonepe.com
2025-12-20 04:15:00 +05:30: ❌ Error fetching OAuth token: getaddrinfo ENOTFOUND api.phonepe.com
2025-12-20 04:15:00 +05:30: ❌ Error fetching OAuth token: getaddrinfo ENOTFOUND api.phonepe.com
2025-12-20 04:15:00 +05:30: ❌ Error fetching OAuth token: getaddrinfo ENOTFOUND api.phonepe.com
2025-12-20 04:15:00 +05:30: ❌ Error fetching OAuth token: getaddrinfo ENOTFOUND api.phonepe.com
2025-12-20 04:15:00 +05:30: ❌ Error fetching OAuth token: getaddrinfo ENOTFOUND api.phonepe.com
2025-12-20 04:15:00 +05:30: ❌ Error fetching OAuth token: getaddrinfo ENOTFOUND api.phonepe.com
2025-12-20 04:32:57 +05:30: ❌ Error fetching OAuth token: getaddrinfo ENOTFOUND api.phonepe.com
2025-12-20 04:32:57 +05:30: ❌ Error fetching OAuth token: getaddrinfo ENOTFOUND api.phonepe.com
2025-12-20 04:32:57 +05:30: ❌ Error fetching OAuth token: getaddrinfo ENOTFOUND api.phonepe.com
2025-12-20 04:32:57 +05:30: ❌ Error fetching OAuth token: getaddrinfo ENOTFOUND api.phonepe.com
2025-12-20 04:32:57 +05:30: ❌ Error fetching OAuth token: getaddrinfo ENOTFOUND api.phonepe.com
2025-12-20 04:32:57 +05:30: ❌ Error fetching OAuth token: getaddrinfo ENOTFOUND api.phonepe.com
2025-12-20 04:32:57 +05:30: ❌ Error fetching OAuth token: getaddrinfo ENOTFOUND api.phonepe.com
2025-12-20 04:32:57 +05:30: ❌ Error fetching OAuth token: getaddrinfo ENOTFOUND api.phonepe.com
2025-12-20 04:48:26 +05:30: ❌ Error fetching OAuth token: getaddrinfo ENOTFOUND api.phonepe.com
2025-12-20 04:48:26 +05:30: ❌ Error fetching OAuth token: getaddrinfo ENOTFOUND api.phonepe.com
2025-12-20 04:48:26 +05:30: ❌ Error fetching OAuth token: getaddrinfo ENOTFOUND api.phonepe.com
2025-12-20 04:48:26 +05:30: ❌ Error fetching OAuth token: getaddrinfo ENOTFOUND api.phonepe.com
2025-12-20 04:48:26 +05:30: ❌ Error fetching OAuth token: getaddrinfo ENOTFOUND api.phonepe.com
2025-12-20 04:48:26 +05:30: ❌ Error fetching OAuth token: getaddrinfo ENOTFOUND api.phonepe.com
2025-12-20 04:48:26 +05:30: ❌ Error fetching OAuth token: getaddrinfo ENOTFOUND api.phonepe.com
2025-12-20 04:48:26 +05:30: ❌ Error fetching OAuth token: getaddrinfo ENOTFOUND api.phonepe.com
2025-12-20 05:05:42 +05:30: ❌ Error fetching OAuth token: getaddrinfo ENOTFOUND api.phonepe.com
2025-12-20 05:05:42 +05:30: ❌ Error fetching OAuth token: getaddrinfo ENOTFOUND api.phonepe.com
2025-12-20 05:05:42 +05:30: ❌ Error fetching OAuth token: getaddrinfo ENOTFOUND api.phonepe.com
2025-12-20 05:05:42 +05:30: ❌ Error fetching OAuth token: getaddrinfo ENOTFOUND api.phonepe.com
2025-12-20 05:05:42 +05:30: ❌ Error fetching OAuth token: getaddrinfo ENOTFOUND api.phonepe.com
2025-12-20 05:05:42 +05:30: ❌ Error fetching OAuth token: getaddrinfo ENOTFOUND api.phonepe.com
2025-12-20 05:05:42 +05:30: ❌ Error fetching OAuth token: getaddrinfo ENOTFOUND api.phonepe.com
2025-12-20 05:05:42 +05:30: ❌ Error fetching OAuth token: getaddrinfo ENOTFOUND api.phonepe.com
2025-12-20 05:21:56 +05:30: ❌ Error fetching OAuth token: getaddrinfo ENOTFOUND api.phonepe.com
2025-12-20 05:21:56 +05:30: ❌ Error fetching OAuth token: getaddrinfo ENOTFOUND api.phonepe.com
2025-12-20 05:21:56 +05:30: ❌ Error fetching OAuth token: getaddrinfo ENOTFOUND api.phonepe.com
2025-12-20 05:21:56 +05:30: ❌ Error fetching OAuth token: getaddrinfo ENOTFOUND api.phonepe.com
2025-12-20 05:21:56 +05:30: ❌ Error fetching OAuth token: getaddrinfo ENOTFOUND api.phonepe.com
2025-12-20 05:21:56 +05:30: ❌ Error fetching OAuth token: getaddrinfo ENOTFOUND api.phonepe.com
2025-12-20 05:21:56 +05:30: ❌ Error fetching OAuth token: getaddrinfo ENOTFOUND api.phonepe.com
2025-12-20 05:21:56 +05:30: ❌ Error fetching OAuth token: getaddrinfo ENOTFOUND api.phonepe.com
2025-12-20 05:39:19 +05:30: ❌ Error fetching OAuth token: getaddrinfo ENOTFOUND api.phonepe.com
2025-12-20 05:39:19 +05:30: ❌ Error fetching OAuth token: getaddrinfo ENOTFOUND api.phonepe.com
2025-12-20 05:39:19 +05:30: ❌ Error fetching OAuth token: getaddrinfo ENOTFOUND api.phonepe.com
2025-12-20 05:39:19 +05:30: ❌ Error fetching OAuth token: getaddrinfo ENOTFOUND api.phonepe.com
2025-12-20 05:39:19 +05:30: ❌ Error fetching OAuth token: getaddrinfo ENOTFOUND api.phonepe.com
2025-12-20 05:39:19 +05:30: ❌ Error fetching OAuth token: getaddrinfo ENOTFOUND api.phonepe.com
2025-12-20 05:39:19 +05:30: ❌ Error fetching OAuth token: getaddrinfo ENOTFOUND api.phonepe.com
2025-12-20 05:39:19 +05:30: ❌ Error fetching OAuth token: getaddrinfo ENOTFOUND api.phonepe.com
2025-12-20 05:56:31 +05:30: ❌ Error fetching OAuth token: getaddrinfo ENOTFOUND api.phonepe.com
2025-12-20 05:56:31 +05:30: ❌ Error fetching OAuth token: getaddrinfo ENOTFOUND api.phonepe.com
2025-12-20 05:56:31 +05:30: ❌ Error fetching OAuth token: getaddrinfo ENOTFOUND api.phonepe.com
2025-12-20 05:56:31 +05:30: ❌ Error fetching OAuth token: getaddrinfo ENOTFOUND api.phonepe.com
2025-12-20 05:56:31 +05:30: ❌ Error fetching OAuth token: getaddrinfo ENOTFOUND api.phonepe.com
2025-12-20 05:56:31 +05:30: ❌ Error fetching OAuth token: getaddrinfo ENOTFOUND api.phonepe.com
2025-12-20 05:56:31 +05:30: ❌ Error fetching OAuth token: getaddrinfo ENOTFOUND api.phonepe.com
2025-12-20 05:56:31 +05:30: ❌ Error fetching OAuth token: getaddrinfo ENOTFOUND api.phonepe.com
2025-12-20 06:12:39 +05:30: ❌ Error fetching OAuth token: getaddrinfo ENOTFOUND api.phonepe.com
2025-12-20 06:12:39 +05:30: ❌ Error fetching OAuth token: getaddrinfo ENOTFOUND api.phonepe.com
2025-12-20 06:12:39 +05:30: ❌ Error fetching OAuth token: getaddrinfo ENOTFOUND api.phonepe.com
2025-12-20 06:12:39 +05:30: ❌ Error fetching OAuth token: getaddrinfo ENOTFOUND api.phonepe.com
2025-12-20 06:12:39 +05:30: ❌ Error fetching OAuth token: getaddrinfo ENOTFOUND api.phonepe.com
2025-12-20 06:12:39 +05:30: ❌ Error fetching OAuth token: getaddrinfo ENOTFOUND api.phonepe.com
2025-12-20 06:12:39 +05:30: ❌ Error fetching OAuth token: getaddrinfo ENOTFOUND api.phonepe.com
2025-12-20 06:12:39 +05:30: ❌ Error fetching OAuth token: getaddrinfo ENOTFOUND api.phonepe.com
2025-12-20 06:29:11 +05:30: ❌ Error fetching OAuth token: getaddrinfo ENOTFOUND api.phonepe.com
2025-12-20 06:29:11 +05:30: ❌ Error fetching OAuth token: getaddrinfo ENOTFOUND api.phonepe.com
2025-12-20 06:29:11 +05:30: ❌ Error fetching OAuth token: getaddrinfo ENOTFOUND api.phonepe.com
2025-12-20 06:29:11 +05:30: ❌ Error fetching OAuth token: getaddrinfo ENOTFOUND api.phonepe.com
2025-12-20 06:29:11 +05:30: ❌ Error fetching OAuth token: getaddrinfo ENOTFOUND api.phonepe.com
2025-12-20 06:29:11 +05:30: ❌ Error fetching OAuth token: getaddrinfo ENOTFOUND api.phonepe.com
2025-12-20 06:29:11 +05:30: ❌ Error fetching OAuth token: getaddrinfo ENOTFOUND api.phonepe.com
2025-12-20 06:29:11 +05:30: ❌ Error fetching OAuth token: getaddrinfo ENOTFOUND api.phonepe.com
2025-12-20 06:47:10 +05:30: ❌ Error fetching OAuth token: getaddrinfo ENOTFOUND api.phonepe.com
2025-12-20 06:47:10 +05:30: ❌ Error fetching OAuth token: getaddrinfo ENOTFOUND api.phonepe.com
2025-12-20 06:47:10 +05:30: ❌ Error fetching OAuth token: getaddrinfo ENOTFOUND api.phonepe.com
2025-12-20 06:47:10 +05:30: ❌ Error fetching OAuth token: getaddrinfo ENOTFOUND api.phonepe.com
2025-12-20 06:47:10 +05:30: ❌ Error fetching OAuth token: getaddrinfo ENOTFOUND api.phonepe.com
2025-12-20 06:47:10 +05:30: ❌ Error fetching OAuth token: getaddrinfo ENOTFOUND api.phonepe.com
2025-12-20 06:47:10 +05:30: ❌ Error fetching OAuth token: getaddrinfo ENOTFOUND api.phonepe.com
2025-12-20 06:47:10 +05:30: ❌ Error fetching OAuth token: getaddrinfo ENOTFOUND api.phonepe.com
2025-12-20 07:03:32 +05:30: ❌ Error fetching OAuth token: getaddrinfo ENOTFOUND api.phonepe.com
2025-12-20 07:03:32 +05:30: ❌ Error fetching OAuth token: getaddrinfo ENOTFOUND api.phonepe.com
2025-12-20 07:03:32 +05:30: ❌ Error fetching OAuth token: getaddrinfo ENOTFOUND api.phonepe.com
2025-12-20 07:03:32 +05:30: ❌ Error fetching OAuth token: getaddrinfo ENOTFOUND api.phonepe.com
2025-12-20 07:03:32 +05:30: ❌ Error fetching OAuth token: getaddrinfo ENOTFOUND api.phonepe.com
2025-12-20 07:03:32 +05:30: ❌ Error fetching OAuth token: getaddrinfo ENOTFOUND api.phonepe.com
2025-12-20 07:03:32 +05:30: ❌ Error fetching OAuth token: getaddrinfo ENOTFOUND api.phonepe.com
2025-12-20 07:03:32 +05:30: ❌ Error fetching OAuth token: getaddrinfo ENOTFOUND api.phonepe.com
2025-12-20 07:16:52 +05:30: ❌ Error fetching OAuth token: getaddrinfo ENOTFOUND api.phonepe.com
2025-12-20 07:16:52 +05:30: ❌ Error fetching OAuth token: getaddrinfo ENOTFOUND api.phonepe.com
2025-12-20 07:16:52 +05:30: ❌ Error fetching OAuth token: getaddrinfo ENOTFOUND api.phonepe.com
2025-12-20 07:16:52 +05:30: ❌ Error fetching OAuth token: getaddrinfo ENOTFOUND api.phonepe.com
2025-12-20 07:16:52 +05:30: ❌ Error fetching OAuth token: getaddrinfo ENOTFOUND api.phonepe.com
2025-12-20 07:16:52 +05:30: ❌ Error fetching OAuth token: getaddrinfo ENOTFOUND api.phonepe.com
2025-12-20 07:16:52 +05:30: ❌ Error fetching OAuth token: getaddrinfo ENOTFOUND api.phonepe.com
2025-12-20 07:16:52 +05:30: ❌ Error fetching OAuth token: getaddrinfo ENOTFOUND api.phonepe.com
2025-12-20 07:34:48 +05:30: ❌ Error fetching OAuth token: getaddrinfo ENOTFOUND api.phonepe.com
2025-12-20 07:34:48 +05:30: ❌ Error fetching OAuth token: getaddrinfo ENOTFOUND api.phonepe.com
2025-12-20 07:34:47 +05:30: ❌ Error fetching OAuth token: getaddrinfo ENOTFOUND api.phonepe.com
2025-12-20 07:34:48 +05:30: ❌ Error fetching OAuth token: getaddrinfo ENOTFOUND api.phonepe.com
2025-12-20 07:34:48 +05:30: ❌ Error fetching OAuth token: getaddrinfo ENOTFOUND api.phonepe.com
2025-12-20 07:34:47 +05:30: ❌ Error fetching OAuth token: getaddrinfo ENOTFOUND api.phonepe.com
2025-12-20 07:34:48 +05:30: ❌ Error fetching OAuth token: getaddrinfo ENOTFOUND api.phonepe.com
2025-12-20 07:34:48 +05:30: ❌ Error fetching OAuth token: getaddrinfo ENOTFOUND api.phonepe.com
2025-12-20 07:51:56 +05:30: ❌ Error fetching OAuth token: getaddrinfo ENOTFOUND api.phonepe.com
2025-12-20 07:51:56 +05:30: ❌ Error fetching OAuth token: getaddrinfo ENOTFOUND api.phonepe.com
2025-12-20 07:51:56 +05:30: ❌ Error fetching OAuth token: getaddrinfo ENOTFOUND api.phonepe.com
2025-12-20 07:51:56 +05:30: ❌ Error fetching OAuth token: getaddrinfo ENOTFOUND api.phonepe.com
2025-12-20 07:51:56 +05:30: ❌ Error fetching OAuth token: getaddrinfo ENOTFOUND api.phonepe.com
2025-12-20 07:51:56 +05:30: ❌ Error fetching OAuth token: getaddrinfo ENOTFOUND api.phonepe.com
2025-12-20 07:51:56 +05:30: ❌ Error fetching OAuth token: getaddrinfo ENOTFOUND api.phonepe.com
2025-12-20 07:51:56 +05:30: ❌ Error fetching OAuth token: getaddrinfo ENOTFOUND api.phonepe.com
2025-12-20 08:09:37 +05:30: ❌ Error fetching OAuth token: getaddrinfo ENOTFOUND api.phonepe.com
2025-12-20 08:09:37 +05:30: ❌ Error fetching OAuth token: getaddrinfo ENOTFOUND api.phonepe.com
2025-12-20 08:09:37 +05:30: ❌ Error fetching OAuth token: getaddrinfo ENOTFOUND api.phonepe.com
2025-12-20 08:09:37 +05:30: ❌ Error fetching OAuth token: getaddrinfo ENOTFOUND api.phonepe.com
2025-12-20 08:09:37 +05:30: ❌ Error fetching OAuth token: getaddrinfo ENOTFOUND api.phonepe.com
2025-12-20 08:09:37 +05:30: ❌ Error fetching OAuth token: getaddrinfo ENOTFOUND api.phonepe.com
2025-12-20 08:09:37 +05:30: ❌ Error fetching OAuth token: getaddrinfo ENOTFOUND api.phonepe.com
2025-12-20 08:09:37 +05:30: ❌ Error fetching OAuth token: getaddrinfo ENOTFOUND api.phonepe.com
2025-12-20 08:26:52 +05:30: ❌ Error fetching OAuth token: getaddrinfo ENOTFOUND api.phonepe.com
2025-12-20 08:26:52 +05:30: ❌ Error fetching OAuth token: getaddrinfo ENOTFOUND api.phonepe.com
2025-12-20 08:26:52 +05:30: ❌ Error fetching OAuth token: getaddrinfo ENOTFOUND api.phonepe.com
2025-12-20 08:26:52 +05:30: ❌ Error fetching OAuth token: getaddrinfo ENOTFOUND api.phonepe.com
2025-12-20 08:26:52 +05:30: ❌ Error fetching OAuth token: getaddrinfo ENOTFOUND api.phonepe.com
2025-12-20 08:26:52 +05:30: ❌ Error fetching OAuth token: getaddrinfo ENOTFOUND api.phonepe.com
2025-12-20 08:26:52 +05:30: ❌ Error fetching OAuth token: getaddrinfo ENOTFOUND api.phonepe.com
2025-12-20 08:26:52 +05:30: ❌ Error fetching OAuth token: getaddrinfo ENOTFOUND api.phonepe.com
2025-12-20 08:42:03 +05:30: ❌ Error fetching OAuth token: getaddrinfo ENOTFOUND api.phonepe.com
2025-12-20 08:42:03 +05:30: ❌ Error fetching OAuth token: getaddrinfo ENOTFOUND api.phonepe.com
2025-12-20 08:42:03 +05:30: ❌ Error fetching OAuth token: getaddrinfo ENOTFOUND api.phonepe.com
2025-12-20 08:42:03 +05:30: ❌ Error fetching OAuth token: getaddrinfo ENOTFOUND api.phonepe.com
2025-12-20 08:42:03 +05:30: ❌ Error fetching OAuth token: getaddrinfo ENOTFOUND api.phonepe.com
2025-12-20 08:42:03 +05:30: ❌ Error fetching OAuth token: getaddrinfo ENOTFOUND api.phonepe.com
2025-12-20 08:42:03 +05:30: ❌ Error fetching OAuth token: getaddrinfo ENOTFOUND api.phonepe.com
2025-12-20 08:42:03 +05:30: ❌ Error fetching OAuth token: getaddrinfo ENOTFOUND api.phonepe.com
2025-12-20 08:58:02 +05:30: ❌ Error fetching OAuth token: getaddrinfo ENOTFOUND api.phonepe.com
2025-12-20 08:58:02 +05:30: ❌ Error fetching OAuth token: getaddrinfo ENOTFOUND api.phonepe.com
2025-12-20 08:58:02 +05:30: ❌ Error fetching OAuth token: getaddrinfo ENOTFOUND api.phonepe.com
2025-12-20 08:58:02 +05:30: ❌ Error fetching OAuth token: getaddrinfo ENOTFOUND api.phonepe.com
2025-12-20 08:58:02 +05:30: ❌ Error fetching OAuth token: getaddrinfo ENOTFOUND api.phonepe.com
2025-12-20 08:58:02 +05:30: ❌ Error fetching OAuth token: getaddrinfo ENOTFOUND api.phonepe.com
2025-12-20 08:58:02 +05:30: ❌ Error fetching OAuth token: getaddrinfo ENOTFOUND api.phonepe.com
2025-12-20 08:58:02 +05:30: ❌ Error fetching OAuth token: getaddrinfo ENOTFOUND api.phonepe.com
2025-12-20 09:13:21 +05:30: ❌ Error fetching OAuth token: getaddrinfo ENOTFOUND api.phonepe.com
2025-12-20 09:13:21 +05:30: ❌ Error fetching OAuth token: getaddrinfo ENOTFOUND api.phonepe.com
2025-12-20 09:13:21 +05:30: ❌ Error fetching OAuth token: getaddrinfo ENOTFOUND api.phonepe.com
2025-12-20 09:13:21 +05:30: ❌ Error fetching OAuth token: getaddrinfo ENOTFOUND api.phonepe.com
2025-12-20 09:13:21 +05:30: ❌ Error fetching OAuth token: getaddrinfo ENOTFOUND api.phonepe.com
2025-12-20 09:13:21 +05:30: ❌ Error fetching OAuth token: getaddrinfo ENOTFOUND api.phonepe.com
2025-12-20 09:13:21 +05:30: ❌ Error fetching OAuth token: getaddrinfo ENOTFOUND api.phonepe.com
2025-12-20 09:13:21 +05:30: ❌ Error fetching OAuth token: getaddrinfo ENOTFOUND api.phonepe.com
2025-12-20 09:18:21 +05:30: ❌ Error fetching OAuth token: getaddrinfo ENOTFOUND api.phonepe.com
2025-12-20 09:18:21 +05:30: ❌ Error fetching OAuth token: getaddrinfo ENOTFOUND api.phonepe.com
2025-12-20 09:18:21 +05:30: ❌ Error fetching OAuth token: getaddrinfo ENOTFOUND api.phonepe.com
2025-12-20 09:18:21 +05:30: ❌ Error fetching OAuth token: getaddrinfo ENOTFOUND api.phonepe.com
2025-12-20 09:18:21 +05:30: ❌ Error fetching OAuth token: getaddrinfo ENOTFOUND api.phonepe.com
2025-12-20 09:18:21 +05:30: ❌ Error fetching OAuth token: getaddrinfo ENOTFOUND api.phonepe.com
2025-12-20 09:18:21 +05:30: ❌ Error fetching OAuth token: getaddrinfo ENOTFOUND api.phonepe.com
2025-12-20 09:18:21 +05:30: ❌ Error fetching OAuth token: getaddrinfo ENOTFOUND api.phonepe.com
2025-12-20 09:33:55 +05:30: ❌ Error fetching OAuth token: getaddrinfo ENOTFOUND api.phonepe.com
2025-12-20 09:33:55 +05:30: ❌ Error fetching OAuth token: getaddrinfo ENOTFOUND api.phonepe.com
2025-12-20 09:33:55 +05:30: ❌ Error fetching OAuth token: getaddrinfo ENOTFOUND api.phonepe.com
2025-12-20 09:33:55 +05:30: ❌ Error fetching OAuth token: getaddrinfo ENOTFOUND api.phonepe.com
2025-12-20 09:33:55 +05:30: ❌ Error fetching OAuth token: getaddrinfo ENOTFOUND api.phonepe.com
2025-12-20 09:33:55 +05:30: ❌ Error fetching OAuth token: getaddrinfo ENOTFOUND api.phonepe.com
2025-12-20 09:33:55 +05:30: ❌ Error fetching OAuth token: getaddrinfo ENOTFOUND api.phonepe.com
2025-12-20 09:33:55 +05:30: ❌ Error fetching OAuth token: getaddrinfo ENOTFOUND api.phonepe.com
2025-12-20 09:34:14 +05:30: ⚠️ MongoDB disconnected. Attempting to reconnect...
2025-12-20 09:34:14 +05:30: ⚠️ MongoDB disconnected. Attempting to reconnect...
2025-12-20 09:34:14 +05:30: ⚠️ MongoDB disconnected. Attempting to reconnect...
2025-12-20 09:34:14 +05:30: ⚠️ MongoDB disconnected. Attempting to reconnect...
2025-12-20 09:34:15 +05:30: ⚠️ MongoDB disconnected. Attempting to reconnect...
2025-12-20 09:39:58 +05:30: ⚠️ MongoDB disconnected. Attempting to reconnect...
2025-12-20 09:39:58 +05:30: ⚠️ MongoDB disconnected. Attempting to reconnect...
2025-12-20 09:39:58 +05:30: ⚠️ MongoDB disconnected. Attempting to reconnect...
2025-12-20 09:39:58 +05:30: ⚠️ MongoDB disconnected. Attempting to reconnect...
2025-12-20 09:49:44 +05:30: ⚠️ MongoDB disconnected. Attempting to reconnect...
2025-12-20 09:49:44 +05:30: ⚠️ MongoDB disconnected. Attempting to reconnect...
2025-12-20 09:49:44 +05:30: ⚠️ MongoDB disconnected. Attempting to reconnect...
2025-12-20 09:49:44 +05:30: ⚠️ MongoDB disconnected. Attempting to reconnect...
2025-12-20 09:49:44 +05:30: ⚠️ MongoDB disconnected. Attempting to reconnect...
2025-12-20 09:49:44 +05:30: ⚠️ MongoDB disconnected. Attempting to reconnect...
2025-12-20 09:49:44 +05:30: ⚠️ MongoDB disconnected. Attempting to reconnect...
2025-12-20 09:49:44 +05:30: ⚠️ MongoDB disconnected. Attempting to reconnect...
2025-12-20 09:51:48 +05:30: ⚠️ MongoDB disconnected. Attempting to reconnect...
2025-12-20 09:51:48 +05:30: ⚠️ MongoDB disconnected. Attempting to reconnect...
2025-12-20 09:51:48 +05:30: ⚠️ MongoDB disconnected. Attempting to reconnect...
2025-12-20 09:51:48 +05:30: ⚠️ MongoDB disconnected. Attempting to reconnect...
2025-12-20 09:51:48 +05:30: ⚠️ MongoDB disconnected. Attempting to reconnect...
2025-12-20 10:33:37 +05:30: ⚠️ MongoDB disconnected. Attempting to reconnect...
2025-12-20 10:33:37 +05:30: ⚠️ MongoDB disconnected. Attempting to reconnect...
2025-12-20 10:33:37 +05:30: ⚠️ MongoDB disconnected. Attempting to reconnect...
2025-12-20 10:33:37 +05:30: ⚠️ MongoDB disconnected. Attempting to reconnect...
2025-12-20 10:33:37 +05:30: ⚠️ MongoDB disconnected. Attempting to reconnect...
2025-12-20 10:33:37 +05:30: ⚠️ MongoDB disconnected. Attempting to reconnect...
2025-12-20 10:33:37 +05:30: ⚠️ MongoDB disconnected. Attempting to reconnect...
2025-12-20 10:33:37 +05:30: ⚠️ MongoDB disconnected. Attempting to reconnect...
2025-12-20 10:45:19 +05:30: [MULTER] Error creating upload directory: Error: EACCES: permission denied, mkdir '/var/www/uploads/blog_photos'
    at Object.mkdirSync (node:fs:1361:26)
    at file:///Users/sonu/Desktop/%C2%A0%CC%91/backend/middlewares/uploadBlogPhoto.js:21:8
    at ModuleJob.run (node:internal/modules/esm/module_job:274:25)
    at async onImport.tracePromise.__proto__ (node:internal/modules/esm/loader:644:26) {
  errno: -13,
  code: 'EACCES',
  syscall: 'mkdir',
  path: '/var/www/uploads/blog_photos'
}
2025-12-20 10:45:19 +05:30: [MULTER] Error creating upload directory: Error: EACCES: permission denied, mkdir '/var/www/uploads/blog_photos'
    at Object.mkdirSync (node:fs:1361:26)
    at file:///Users/sonu/Desktop/%C2%A0%CC%91/backend/middlewares/uploadBlogPhoto.js:21:8
    at ModuleJob.run (node:internal/modules/esm/module_job:274:25)
    at async onImport.tracePromise.__proto__ (node:internal/modules/esm/loader:644:26) {
  errno: -13,
  code: 'EACCES',
  syscall: 'mkdir',
  path: '/var/www/uploads/blog_photos'
}
2025-12-20 10:45:19 +05:30: [MULTER] Error creating upload directory: Error: EACCES: permission denied, mkdir '/var/www/uploads/blog_photos'
    at Object.mkdirSync (node:fs:1361:26)
    at file:///Users/sonu/Desktop/%C2%A0%CC%91/backend/middlewares/uploadBlogPhoto.js:21:8
    at ModuleJob.run (node:internal/modules/esm/module_job:274:25)
    at async onImport.tracePromise.__proto__ (node:internal/modules/esm/loader:644:26) {
  errno: -13,
  code: 'EACCES',
  syscall: 'mkdir',
  path: '/var/www/uploads/blog_photos'
}
2025-12-20 10:45:19 +05:30: [MULTER] Error creating upload directory: Error: EACCES: permission denied, mkdir '/var/www/uploads/blog_photos'
    at Object.mkdirSync (node:fs:1361:26)
    at file:///Users/sonu/Desktop/%C2%A0%CC%91/backend/middlewares/uploadBlogPhoto.js:21:8
    at ModuleJob.run (node:internal/modules/esm/module_job:274:25)
    at async onImport.tracePromise.__proto__ (node:internal/modules/esm/loader:644:26) {
  errno: -13,
  code: 'EACCES',
  syscall: 'mkdir',
  path: '/var/www/uploads/blog_photos'
}
2025-12-20 10:45:19 +05:30: [MULTER] Error creating upload directory: Error: EACCES: permission denied, mkdir '/var/www/uploads/blog_photos'
    at Object.mkdirSync (node:fs:1361:26)
    at file:///Users/sonu/Desktop/%C2%A0%CC%91/backend/middlewares/uploadBlogPhoto.js:21:8
    at ModuleJob.run (node:internal/modules/esm/module_job:274:25)
    at async onImport.tracePromise.__proto__ (node:internal/modules/esm/loader:644:26) {
  errno: -13,
  code: 'EACCES',
  syscall: 'mkdir',
  path: '/var/www/uploads/blog_photos'
}
2025-12-20 10:45:19 +05:30: [MULTER] Error creating upload directory: Error: EACCES: permission denied, mkdir '/var/www/uploads/blog_photos'
    at Object.mkdirSync (node:fs:1361:26)
    at file:///Users/sonu/Desktop/%C2%A0%CC%91/backend/middlewares/uploadBlogPhoto.js:21:8
    at ModuleJob.run (node:internal/modules/esm/module_job:274:25)
    at async onImport.tracePromise.__proto__ (node:internal/modules/esm/loader:644:26) {
  errno: -13,
  code: 'EACCES',
  syscall: 'mkdir',
  path: '/var/www/uploads/blog_photos'
}
2025-12-20 10:45:19 +05:30: [MULTER] Error creating upload directory: Error: EACCES: permission denied, mkdir '/var/www/uploads/blog_photos'
    at Object.mkdirSync (node:fs:1361:26)
    at file:///Users/sonu/Desktop/%C2%A0%CC%91/backend/middlewares/uploadBlogPhoto.js:21:8
    at ModuleJob.run (node:internal/modules/esm/module_job:274:25)
    at async onImport.tracePromise.__proto__ (node:internal/modules/esm/loader:644:26) {
  errno: -13,
  code: 'EACCES',
  syscall: 'mkdir',
  path: '/var/www/uploads/blog_photos'
}
2025-12-20 10:45:20 +05:30: [MULTER] Error creating upload directory: Error: EACCES: permission denied, mkdir '/var/www/uploads/blog_photos'
    at Object.mkdirSync (node:fs:1361:26)
    at file:///Users/sonu/Desktop/%C2%A0%CC%91/backend/middlewares/uploadBlogPhoto.js:21:8
    at ModuleJob.run (node:internal/modules/esm/module_job:274:25)
    at async onImport.tracePromise.__proto__ (node:internal/modules/esm/loader:644:26) {
  errno: -13,
  code: 'EACCES',
  syscall: 'mkdir',
  path: '/var/www/uploads/blog_photos'
}
